make --dry-run --keep-going --print-directory
make: Entering directory '/home/somei/Proj/Cpp/app-template'
echo "==== Building stb_image (debug_x64) ===="
make --no-print-directory -C Game/vendor/stb_image -f Makefile config=debug_x64
:
echo "==== Building GLFW (debug_x64) ===="
make --no-print-directory -C Game/vendor/glfw -f Makefile config=debug_x64
:
echo "==== Building ImGui (debug_x64) ===="
make --no-print-directory -C Game/vendor/imgui -f Makefile config=debug_x64
 
:
 
echo "==== Building Glad (debug_x64) ===="
make --no-print-directory -C Game/vendor/glad -f Makefile config=debug_x64
 
:
 
echo "==== Building Game (debug_x64) ===="
make --no-print-directory -C Game -f Makefile config=debug_x64
 
echo BusNode.cpp
g++ -include bin-int/Debug-windows-x86_64/Game/pch.h   -MMD -MP -DGAME_WINDOWS_BUILD -DGAME_STATIC_BUILD -DGAME_DEBUG -Isrc -Ivendor/glad/include -Ivendor/imgui -Ivendor/stb_image -Ivendor/spdlog/include -Ivendor/glm -Ivendor/debugbreak -m64 -g -std=c++17  -o "bin-int/Debug-windows-x86_64/Game/BusNode.o" -MF "bin-int/Debug-windows-x86_64/Game/BusNode.d" -c "src/Message/BusNode.cpp"
echo Colide.cpp
g++ -include bin-int/Debug-windows-x86_64/Game/pch.h   -MMD -MP -DGAME_WINDOWS_BUILD -DGAME_STATIC_BUILD -DGAME_DEBUG -Isrc -Ivendor/glad/include -Ivendor/imgui -Ivendor/stb_image -Ivendor/spdlog/include -Ivendor/glm -Ivendor/debugbreak -m64 -g -std=c++17  -o "bin-int/Debug-windows-x86_64/Game/Colide.o" -MF "bin-int/Debug-windows-x86_64/Game/Colide.d" -c "src/Colision/Colide.cpp"
echo Components.cpp
g++ -include bin-int/Debug-windows-x86_64/Game/pch.h   -MMD -MP -DGAME_WINDOWS_BUILD -DGAME_STATIC_BUILD -DGAME_DEBUG -Isrc -Ivendor/glad/include -Ivendor/imgui -Ivendor/stb_image -Ivendor/spdlog/include -Ivendor/glm -Ivendor/debugbreak -m64 -g -std=c++17  -o "bin-int/Debug-windows-x86_64/Game/Components.o" -MF "bin-int/Debug-windows-x86_64/Game/Components.d" -c "src/Scene/Components.cpp"
echo Entity.cpp
g++ -include bin-int/Debug-windows-x86_64/Game/pch.h   -MMD -MP -DGAME_WINDOWS_BUILD -DGAME_STATIC_BUILD -DGAME_DEBUG -Isrc -Ivendor/glad/include -Ivendor/imgui -Ivendor/stb_image -Ivendor/spdlog/include -Ivendor/glm -Ivendor/debugbreak -m64 -g -std=c++17  -o "bin-int/Debug-windows-x86_64/Game/Entity.o" -MF "bin-int/Debug-windows-x86_64/Game/Entity.d" -c "src/Scene/Entity.cpp"
echo Files.cpp
g++ -include bin-int/Debug-windows-x86_64/Game/pch.h   -MMD -MP -DGAME_WINDOWS_BUILD -DGAME_STATIC_BUILD -DGAME_DEBUG -Isrc -Ivendor/glad/include -Ivendor/imgui -Ivendor/stb_image -Ivendor/spdlog/include -Ivendor/glm -Ivendor/debugbreak -m64 -g -std=c++17  -o "bin-int/Debug-windows-x86_64/Game/Files.o" -MF "bin-int/Debug-windows-x86_64/Game/Files.d" -c "src/Utils/Files.cpp"
echo Framebuffer.cpp
g++ -include bin-int/Debug-windows-x86_64/Game/pch.h   -MMD -MP -DGAME_WINDOWS_BUILD -DGAME_STATIC_BUILD -DGAME_DEBUG -Isrc -Ivendor/glad/include -Ivendor/imgui -Ivendor/stb_image -Ivendor/spdlog/include -Ivendor/glm -Ivendor/debugbreak -m64 -g -std=c++17  -o "bin-int/Debug-windows-x86_64/Game/Framebuffer.o" -MF "bin-int/Debug-windows-x86_64/Game/Framebuffer.d" -c "src/Render/GL/Framebuffer.cpp"
echo FramebufferRender.cpp
g++ -include bin-int/Debug-windows-x86_64/Game/pch.h   -MMD -MP -DGAME_WINDOWS_BUILD -DGAME_STATIC_BUILD -DGAME_DEBUG -Isrc -Ivendor/glad/include -Ivendor/imgui -Ivendor/stb_image -Ivendor/spdlog/include -Ivendor/glm -Ivendor/debugbreak -m64 -g -std=c++17  -o "bin-int/Debug-windows-x86_64/Game/FramebufferRender.o" -MF "bin-int/Debug-windows-x86_64/Game/FramebufferRender.d" -c "src/Render/GL/FramebufferRender.cpp"
echo GLContext.cpp
g++ -include bin-int/Debug-windows-x86_64/Game/pch.h   -MMD -MP -DGAME_WINDOWS_BUILD -DGAME_STATIC_BUILD -DGAME_DEBUG -Isrc -Ivendor/glad/include -Ivendor/imgui -Ivendor/stb_image -Ivendor/spdlog/include -Ivendor/glm -Ivendor/debugbreak -m64 -g -std=c++17  -o "bin-int/Debug-windows-x86_64/Game/GLContext.o" -MF "bin-int/Debug-windows-x86_64/Game/GLContext.d" -c "src/Render/GL/GLContext.cpp"
echo GL_Commands.cpp
g++ -include bin-int/Debug-windows-x86_64/Game/pch.h   -MMD -MP -DGAME_WINDOWS_BUILD -DGAME_STATIC_BUILD -DGAME_DEBUG -Isrc -Ivendor/glad/include -Ivendor/imgui -Ivendor/stb_image -Ivendor/spdlog/include -Ivendor/glm -Ivendor/debugbreak -m64 -g -std=c++17  -o "bin-int/Debug-windows-x86_64/Game/GL_Commands.o" -MF "bin-int/Debug-windows-x86_64/Game/GL_Commands.d" -c "src/Render/GL/GL_Commands.cpp"
echo GL_Types.cpp
g++ -include bin-int/Debug-windows-x86_64/Game/pch.h   -MMD -MP -DGAME_WINDOWS_BUILD -DGAME_STATIC_BUILD -DGAME_DEBUG -Isrc -Ivendor/glad/include -Ivendor/imgui -Ivendor/stb_image -Ivendor/spdlog/include -Ivendor/glm -Ivendor/debugbreak -m64 -g -std=c++17  -o "bin-int/Debug-windows-x86_64/Game/GL_Types.o" -MF "bin-int/Debug-windows-x86_64/Game/GL_Types.d" -c "src/Render/GL/GL_Types.cpp"
echo GameCamera.cpp
g++ -include bin-int/Debug-windows-x86_64/Game/pch.h   -MMD -MP -DGAME_WINDOWS_BUILD -DGAME_STATIC_BUILD -DGAME_DEBUG -Isrc -Ivendor/glad/include -Ivendor/imgui -Ivendor/stb_image -Ivendor/spdlog/include -Ivendor/glm -Ivendor/debugbreak -m64 -g -std=c++17  -o "bin-int/Debug-windows-x86_64/Game/GameCamera.o" -MF "bin-int/Debug-windows-x86_64/Game/GameCamera.d" -c "src/Render/GameCamera.cpp"
echo Generic.cpp
g++ -include bin-int/Debug-windows-x86_64/Game/pch.h   -MMD -MP -DGAME_WINDOWS_BUILD -DGAME_STATIC_BUILD -DGAME_DEBUG -Isrc -Ivendor/glad/include -Ivendor/imgui -Ivendor/stb_image -Ivendor/spdlog/include -Ivendor/glm -Ivendor/debugbreak -m64 -g -std=c++17  -o "bin-int/Debug-windows-x86_64/Game/Generic.o" -MF "bin-int/Debug-windows-x86_64/Game/Generic.d" -c "src/Utils/Generic.cpp"
echo GlContext.cpp
g++ -include bin-int/Debug-windows-x86_64/Game/pch.h   -MMD -MP -DGAME_WINDOWS_BUILD -DGAME_STATIC_BUILD -DGAME_DEBUG -Isrc -Ivendor/glad/include -Ivendor/imgui -Ivendor/stb_image -Ivendor/spdlog/include -Ivendor/glm -Ivendor/debugbreak -m64 -g -std=c++17  -o "bin-int/Debug-windows-x86_64/Game/GlContext1.o" -MF "bin-int/Debug-windows-x86_64/Game/GlContext1.d" -c "src/Window/GLContext/GlContext.cpp"
echo GlobalD.cpp
g++ -include bin-int/Debug-windows-x86_64/Game/pch.h   -MMD -MP -DGAME_WINDOWS_BUILD -DGAME_STATIC_BUILD -DGAME_DEBUG -Isrc -Ivendor/glad/include -Ivendor/imgui -Ivendor/stb_image -Ivendor/spdlog/include -Ivendor/glm -Ivendor/debugbreak -m64 -g -std=c++17  -o "bin-int/Debug-windows-x86_64/Game/GlobalD.o" -MF "bin-int/Debug-windows-x86_64/Game/GlobalD.d" -c "src/Ecs/GlobalD.cpp"
echo ImGuiLayer.cpp
g++ -include bin-int/Debug-windows-x86_64/Game/pch.h   -MMD -MP -DGAME_WINDOWS_BUILD -DGAME_STATIC_BUILD -DGAME_DEBUG -Isrc -Ivendor/glad/include -Ivendor/imgui -Ivendor/stb_image -Ivendor/spdlog/include -Ivendor/glm -Ivendor/debugbreak -m64 -g -std=c++17  -o "bin-int/Debug-windows-x86_64/Game/ImGuiLayer.o" -MF "bin-int/Debug-windows-x86_64/Game/ImGuiLayer.d" -c "src/Entry/ImGuiLayer.cpp"
echo IndexBuffer.cpp
g++ -include bin-int/Debug-windows-x86_64/Game/pch.h   -MMD -MP -DGAME_WINDOWS_BUILD -DGAME_STATIC_BUILD -DGAME_DEBUG -Isrc -Ivendor/glad/include -Ivendor/imgui -Ivendor/stb_image -Ivendor/spdlog/include -Ivendor/glm -Ivendor/debugbreak -m64 -g -std=c++17  -o "bin-int/Debug-windows-x86_64/Game/IndexBuffer.o" -MF "bin-int/Debug-windows-x86_64/Game/IndexBuffer.d" -c "src/Render/GL/IndexBuffer.cpp"
echo Keyboard.cpp
g++ -include bin-int/Debug-windows-x86_64/Game/pch.h   -MMD -MP -DGAME_WINDOWS_BUILD -DGAME_STATIC_BUILD -DGAME_DEBUG -Isrc -Ivendor/glad/include -Ivendor/imgui -Ivendor/stb_image -Ivendor/spdlog/include -Ivendor/glm -Ivendor/debugbreak -m64 -g -std=c++17  -o "bin-int/Debug-windows-x86_64/Game/Keyboard.o" -MF "bin-int/Debug-windows-x86_64/Game/Keyboard.d" -c "src/Input/Keyboard.cpp"
echo Layer.cpp
g++ -include bin-int/Debug-windows-x86_64/Game/pch.h   -MMD -MP -DGAME_WINDOWS_BUILD -DGAME_STATIC_BUILD -DGAME_DEBUG -Isrc -Ivendor/glad/include -Ivendor/imgui -Ivendor/stb_image -Ivendor/spdlog/include -Ivendor/glm -Ivendor/debugbreak -m64 -g -std=c++17  -o "bin-int/Debug-windows-x86_64/Game/Layer.o" -MF "bin-int/Debug-windows-x86_64/Game/Layer.d" -c "src/Entry/Layer.cpp"
echo LayerStack.cpp
g++ -include bin-int/Debug-windows-x86_64/Game/pch.h   -MMD -MP -DGAME_WINDOWS_BUILD -DGAME_STATIC_BUILD -DGAME_DEBUG -Isrc -Ivendor/glad/include -Ivendor/imgui -Ivendor/stb_image -Ivendor/spdlog/include -Ivendor/glm -Ivendor/debugbreak -m64 -g -std=c++17  -o "bin-int/Debug-windows-x86_64/Game/LayerStack.o" -MF "bin-int/Debug-windows-x86_64/Game/LayerStack.d" -c "src/Entry/LayerStack.cpp"
echo Log.cpp
g++ -include bin-int/Debug-windows-x86_64/Game/pch.h   -MMD -MP -DGAME_WINDOWS_BUILD -DGAME_STATIC_BUILD -DGAME_DEBUG -Isrc -Ivendor/glad/include -Ivendor/imgui -Ivendor/stb_image -Ivendor/spdlog/include -Ivendor/glm -Ivendor/debugbreak -m64 -g -std=c++17  -o "bin-int/Debug-windows-x86_64/Game/Log.o" -MF "bin-int/Debug-windows-x86_64/Game/Log.d" -c "src/Log/Log.cpp"
echo Main.cpp
g++ -include bin-int/Debug-windows-x86_64/Game/pch.h   -MMD -MP -DGAME_WINDOWS_BUILD -DGAME_STATIC_BUILD -DGAME_DEBUG -Isrc -Ivendor/glad/include -Ivendor/imgui -Ivendor/stb_image -Ivendor/spdlog/include -Ivendor/glm -Ivendor/debugbreak -m64 -g -std=c++17  -o "bin-int/Debug-windows-x86_64/Game/Main.o" -MF "bin-int/Debug-windows-x86_64/Game/Main.d" -c "src/Main.cpp"
echo Message.cpp
g++ -include bin-int/Debug-windows-x86_64/Game/pch.h   -MMD -MP -DGAME_WINDOWS_BUILD -DGAME_STATIC_BUILD -DGAME_DEBUG -Isrc -Ivendor/glad/include -Ivendor/imgui -Ivendor/stb_image -Ivendor/spdlog/include -Ivendor/glm -Ivendor/debugbreak -m64 -g -std=c++17  -o "bin-int/Debug-windows-x86_64/Game/Message.o" -MF "bin-int/Debug-windows-x86_64/Game/Message.d" -c "src/Message/Message.cpp"
echo MessageBus.cpp
g++ -include bin-int/Debug-windows-x86_64/Game/pch.h   -MMD -MP -DGAME_WINDOWS_BUILD -DGAME_STATIC_BUILD -DGAME_DEBUG -Isrc -Ivendor/glad/include -Ivendor/imgui -Ivendor/stb_image -Ivendor/spdlog/include -Ivendor/glm -Ivendor/debugbreak -m64 -g -std=c++17  -o "bin-int/Debug-windows-x86_64/Game/MessageBus.o" -MF "bin-int/Debug-windows-x86_64/Game/MessageBus.d" -c "src/Message/MessageBus.cpp"
echo Mouse.cpp
g++ -include bin-int/Debug-windows-x86_64/Game/pch.h   -MMD -MP -DGAME_WINDOWS_BUILD -DGAME_STATIC_BUILD -DGAME_DEBUG -Isrc -Ivendor/glad/include -Ivendor/imgui -Ivendor/stb_image -Ivendor/spdlog/include -Ivendor/glm -Ivendor/debugbreak -m64 -g -std=c++17  -o "bin-int/Debug-windows-x86_64/Game/Mouse.o" -MF "bin-int/Debug-windows-x86_64/Game/Mouse.d" -c "src/Input/Mouse.cpp"
echo MyGame.cpp
g++ -include bin-int/Debug-windows-x86_64/Game/pch.h   -MMD -MP -DGAME_WINDOWS_BUILD -DGAME_STATIC_BUILD -DGAME_DEBUG -Isrc -Ivendor/glad/include -Ivendor/imgui -Ivendor/stb_image -Ivendor/spdlog/include -Ivendor/glm -Ivendor/debugbreak -m64 -g -std=c++17  -o "bin-int/Debug-windows-x86_64/Game/MyGame.o" -MF "bin-int/Debug-windows-x86_64/Game/MyGame.d" -c "src/MyLayer/MyGame.cpp"
echo ParseArgs.cpp
g++ -include bin-int/Debug-windows-x86_64/Game/pch.h   -MMD -MP -DGAME_WINDOWS_BUILD -DGAME_STATIC_BUILD -DGAME_DEBUG -Isrc -Ivendor/glad/include -Ivendor/imgui -Ivendor/stb_image -Ivendor/spdlog/include -Ivendor/glm -Ivendor/debugbreak -m64 -g -std=c++17  -o "bin-int/Debug-windows-x86_64/Game/ParseArgs.o" -MF "bin-int/Debug-windows-x86_64/Game/ParseArgs.d" -c "src/Entry/ParseArgs.cpp"
echo Render2D.cpp
g++ -include bin-int/Debug-windows-x86_64/Game/pch.h   -MMD -MP -DGAME_WINDOWS_BUILD -DGAME_STATIC_BUILD -DGAME_DEBUG -Isrc -Ivendor/glad/include -Ivendor/imgui -Ivendor/stb_image -Ivendor/spdlog/include -Ivendor/glm -Ivendor/debugbreak -m64 -g -std=c++17  -o "bin-int/Debug-windows-x86_64/Game/Render2D.o" -MF "bin-int/Debug-windows-x86_64/Game/Render2D.d" -c "src/Render/Render2D.cpp"
echo Scene.cpp
g++ -include bin-int/Debug-windows-x86_64/Game/pch.h   -MMD -MP -DGAME_WINDOWS_BUILD -DGAME_STATIC_BUILD -DGAME_DEBUG -Isrc -Ivendor/glad/include -Ivendor/imgui -Ivendor/stb_image -Ivendor/spdlog/include -Ivendor/glm -Ivendor/debugbreak -m64 -g -std=c++17  -o "bin-int/Debug-windows-x86_64/Game/Scene.o" -MF "bin-int/Debug-windows-x86_64/Game/Scene.d" -c "src/Scene/Scene.cpp"
echo Shader.cpp
g++ -include bin-int/Debug-windows-x86_64/Game/pch.h   -MMD -MP -DGAME_WINDOWS_BUILD -DGAME_STATIC_BUILD -DGAME_DEBUG -Isrc -Ivendor/glad/include -Ivendor/imgui -Ivendor/stb_image -Ivendor/spdlog/include -Ivendor/glm -Ivendor/debugbreak -m64 -g -std=c++17  -o "bin-int/Debug-windows-x86_64/Game/Shader.o" -MF "bin-int/Debug-windows-x86_64/Game/Shader.d" -c "src/Render/GL/Shader.cpp"
echo Texture.cpp
g++ -include bin-int/Debug-windows-x86_64/Game/pch.h   -MMD -MP -DGAME_WINDOWS_BUILD -DGAME_STATIC_BUILD -DGAME_DEBUG -Isrc -Ivendor/glad/include -Ivendor/imgui -Ivendor/stb_image -Ivendor/spdlog/include -Ivendor/glm -Ivendor/debugbreak -m64 -g -std=c++17  -o "bin-int/Debug-windows-x86_64/Game/Texture.o" -MF "bin-int/Debug-windows-x86_64/Game/Texture.d" -c "src/Render/GL/Texture.cpp"
echo TextureSpecifications.cpp
g++ -include bin-int/Debug-windows-x86_64/Game/pch.h   -MMD -MP -DGAME_WINDOWS_BUILD -DGAME_STATIC_BUILD -DGAME_DEBUG -Isrc -Ivendor/glad/include -Ivendor/imgui -Ivendor/stb_image -Ivendor/spdlog/include -Ivendor/glm -Ivendor/debugbreak -m64 -g -std=c++17  -o "bin-int/Debug-windows-x86_64/Game/TextureSpecifications.o" -MF "bin-int/Debug-windows-x86_64/Game/TextureSpecifications.d" -c "src/Render/GL/TextureSpecifications.cpp"
echo UUID.cpp
g++ -include bin-int/Debug-windows-x86_64/Game/pch.h   -MMD -MP -DGAME_WINDOWS_BUILD -DGAME_STATIC_BUILD -DGAME_DEBUG -Isrc -Ivendor/glad/include -Ivendor/imgui -Ivendor/stb_image -Ivendor/spdlog/include -Ivendor/glm -Ivendor/debugbreak -m64 -g -std=c++17  -o "bin-int/Debug-windows-x86_64/Game/UUID.o" -MF "bin-int/Debug-windows-x86_64/Game/UUID.d" -c "src/Scene/UUID.cpp"
echo VertexArray.cpp
g++ -include bin-int/Debug-windows-x86_64/Game/pch.h   -MMD -MP -DGAME_WINDOWS_BUILD -DGAME_STATIC_BUILD -DGAME_DEBUG -Isrc -Ivendor/glad/include -Ivendor/imgui -Ivendor/stb_image -Ivendor/spdlog/include -Ivendor/glm -Ivendor/debugbreak -m64 -g -std=c++17  -o "bin-int/Debug-windows-x86_64/Game/VertexArray.o" -MF "bin-int/Debug-windows-x86_64/Game/VertexArray.d" -c "src/Render/GL/VertexArray.cpp"
echo VertexAttribute.cpp
g++ -include bin-int/Debug-windows-x86_64/Game/pch.h   -MMD -MP -DGAME_WINDOWS_BUILD -DGAME_STATIC_BUILD -DGAME_DEBUG -Isrc -Ivendor/glad/include -Ivendor/imgui -Ivendor/stb_image -Ivendor/spdlog/include -Ivendor/glm -Ivendor/debugbreak -m64 -g -std=c++17  -o "bin-int/Debug-windows-x86_64/Game/VertexAttribute.o" -MF "bin-int/Debug-windows-x86_64/Game/VertexAttribute.d" -c "src/Render/GL/VertexAttribute.cpp"
echo VertexBuffer.cpp
g++ -include bin-int/Debug-windows-x86_64/Game/pch.h   -MMD -MP -DGAME_WINDOWS_BUILD -DGAME_STATIC_BUILD -DGAME_DEBUG -Isrc -Ivendor/glad/include -Ivendor/imgui -Ivendor/stb_image -Ivendor/spdlog/include -Ivendor/glm -Ivendor/debugbreak -m64 -g -std=c++17  -o "bin-int/Debug-windows-x86_64/Game/VertexBuffer.o" -MF "bin-int/Debug-windows-x86_64/Game/VertexBuffer.d" -c "src/Render/GL/VertexBuffer.cpp"
echo WindowGlfw.cpp
g++ -include bin-int/Debug-windows-x86_64/Game/pch.h   -MMD -MP -DGAME_WINDOWS_BUILD -DGAME_STATIC_BUILD -DGAME_DEBUG -Isrc -Ivendor/glad/include -Ivendor/imgui -Ivendor/stb_image -Ivendor/spdlog/include -Ivendor/glm -Ivendor/debugbreak -m64 -g -std=c++17  -o "bin-int/Debug-windows-x86_64/Game/WindowGlfw.o" -MF "bin-int/Debug-windows-x86_64/Game/WindowGlfw.d" -c "src/Window/WindowGlfw.cpp"
echo pch.cpp
g++ -include bin-int/Debug-windows-x86_64/Game/pch.h   -MMD -MP -DGAME_WINDOWS_BUILD -DGAME_STATIC_BUILD -DGAME_DEBUG -Isrc -Ivendor/glad/include -Ivendor/imgui -Ivendor/stb_image -Ivendor/spdlog/include -Ivendor/glm -Ivendor/debugbreak -m64 -g -std=c++17  -o "bin-int/Debug-windows-x86_64/Game/pch.o" -MF "bin-int/Debug-windows-x86_64/Game/pch.d" -c "src/pch.cpp"
echo Creating bin/Debug-windows-x86_64/Game
mkdir -p bin/Debug-windows-x86_64/Game
echo Linking Game
g++ -o "bin/Debug-windows-x86_64/Game/Game.exe"  bin-int/Debug-windows-x86_64/Game/Application.o bin-int/Debug-windows-x86_64/Game/BusNode.o bin-int/Debug-windows-x86_64/Game/Colide.o bin-int/Debug-windows-x86_64/Game/Components.o bin-int/Debug-windows-x86_64/Game/Entity.o bin-int/Debug-windows-x86_64/Game/Files.o bin-int/Debug-windows-x86_64/Game/Framebuffer.o bin-int/Debug-windows-x86_64/Game/FramebufferRender.o bin-int/Debug-windows-x86_64/Game/GLContext.o bin-int/Debug-windows-x86_64/Game/GL_Commands.o bin-int/Debug-windows-x86_64/Game/GL_Types.o bin-int/Debug-windows-x86_64/Game/GameCamera.o bin-int/Debug-windows-x86_64/Game/Generic.o bin-int/Debug-windows-x86_64/Game/GlContext1.o bin-int/Debug-windows-x86_64/Game/GlobalD.o bin-int/Debug-windows-x86_64/Game/ImGuiLayer.o bin-int/Debug-windows-x86_64/Game/IndexBuffer.o bin-int/Debug-windows-x86_64/Game/Keyboard.o bin-int/Debug-windows-x86_64/Game/Layer.o bin-int/Debug-windows-x86_64/Game/LayerStack.o bin-int/Debug-windows-x86_64/Game/Log.o bin-int/Debug-windows-x86_64/Game/Main.o bin-int/Debug-windows-x86_64/Game/Message.o bin-int/Debug-windows-x86_64/Game/MessageBus.o bin-int/Debug-windows-x86_64/Game/Mouse.o bin-int/Debug-windows-x86_64/Game/MyGame.o bin-int/Debug-windows-x86_64/Game/ParseArgs.o bin-int/Debug-windows-x86_64/Game/Render2D.o bin-int/Debug-windows-x86_64/Game/Scene.o bin-int/Debug-windows-x86_64/Game/Shader.o bin-int/Debug-windows-x86_64/Game/Texture.o bin-int/Debug-windows-x86_64/Game/TextureSpecifications.o bin-int/Debug-windows-x86_64/Game/UUID.o bin-int/Debug-windows-x86_64/Game/VertexArray.o bin-int/Debug-windows-x86_64/Game/VertexAttribute.o bin-int/Debug-windows-x86_64/Game/VertexBuffer.o bin-int/Debug-windows-x86_64/Game/WindowGlfw.o bin-int/Debug-windows-x86_64/Game/pch.o   -L/usr/lib64 -m64 vendor/glfw/bin/Debug-windows-x86_64/GLFW/GLFW.lib vendor/stb_image/bin/Debug-windows-x86_64/stb_image/stb_image.lib vendor/glad/bin/Debug-windows-x86_64/Glad/Glad.lib vendor/imgui/bin/Debug-windows-x86_64/ImGui/ImGui.lib -lpthread  -ldl
:
make: Leaving directory '/home/somei/Proj/Cpp/app-template'
 
